<?xml version="1.0" encoding="UTF-8"?>
<testng-results ignored="0" total="4" passed="4" failed="0" skipped="0">
  <reporter-output>
  </reporter-output>
  <suite started-at="2022-02-05T16:31:29Z" name="Default suite" finished-at="2022-02-05T16:31:39Z" duration-ms="9901">
    <groups>
      <group name="cucumber">
        <method signature="AbstractTestNGCucumberTests.runScenario(io.cucumber.testng.PickleWrapper, io.cucumber.testng.FeatureWrapper)[pri:0, instance:parallel.TestNGRunner@56673b2c]" name="runScenario" class="io.cucumber.testng.AbstractTestNGCucumberTests"/>
      </group> <!-- cucumber -->
    </groups>
    <test started-at="2022-02-05T16:31:29Z" name="Default test" finished-at="2022-02-05T16:31:39Z" duration-ms="9901">
      <class name="parallel.TestNGRunner">
        <test-method is-config="true" signature="setUpClass()[pri:0, instance:parallel.TestNGRunner@56673b2c]" started-at="2022-02-05T16:31:29Z" name="setUpClass" finished-at="2022-02-05T16:31:29Z" duration-ms="569" status="PASS">
          <reporter-output>
          </reporter-output>
        </test-method> <!-- setUpClass -->
        <test-method signature="runScenario(io.cucumber.testng.PickleWrapper, io.cucumber.testng.FeatureWrapper)[pri:0, instance:parallel.TestNGRunner@56673b2c]" started-at="2022-02-05T16:31:29Z" name="runScenario" description="Runs Cucumber Scenarios" data-provider="scenarios" finished-at="2022-02-05T16:31:35Z" duration-ms="5298" status="PASS">
          <params>
            <param index="0">
              <value>
                <![CDATA["Login with correct credentials"]]>
              </value>
            </param>
            <param index="1">
              <value>
                <![CDATA["Optional[Login page feature]"]]>
              </value>
            </param>
          </params>
          <reporter-output>
          </reporter-output>
        </test-method> <!-- runScenario -->
        <test-method signature="runScenario(io.cucumber.testng.PickleWrapper, io.cucumber.testng.FeatureWrapper)[pri:0, instance:parallel.TestNGRunner@56673b2c]" started-at="2022-02-05T16:31:29Z" name="runScenario" description="Runs Cucumber Scenarios" data-provider="scenarios" finished-at="2022-02-05T16:31:37Z" duration-ms="7731" status="PASS">
          <params>
            <param index="0">
              <value>
                <![CDATA["Menu iteams count"]]>
              </value>
            </param>
            <param index="1">
              <value>
                <![CDATA["Optional[HomePage Feature]"]]>
              </value>
            </param>
          </params>
          <reporter-output>
          </reporter-output>
        </test-method> <!-- runScenario -->
        <test-method signature="runScenario(io.cucumber.testng.PickleWrapper, io.cucumber.testng.FeatureWrapper)[pri:0, instance:parallel.TestNGRunner@56673b2c]" started-at="2022-02-05T16:31:29Z" name="runScenario" description="Runs Cucumber Scenarios" data-provider="scenarios" finished-at="2022-02-05T16:31:35Z" duration-ms="5506" status="PASS">
          <params>
            <param index="0">
              <value>
                <![CDATA["Home page Header"]]>
              </value>
            </param>
            <param index="1">
              <value>
                <![CDATA["Optional[HomePage Feature]"]]>
              </value>
            </param>
          </params>
          <reporter-output>
          </reporter-output>
        </test-method> <!-- runScenario -->
        <test-method signature="runScenario(io.cucumber.testng.PickleWrapper, io.cucumber.testng.FeatureWrapper)[pri:0, instance:parallel.TestNGRunner@56673b2c]" started-at="2022-02-05T16:31:29Z" name="runScenario" description="Runs Cucumber Scenarios" data-provider="scenarios" finished-at="2022-02-05T16:31:34Z" duration-ms="4911" status="PASS">
          <params>
            <param index="0">
              <value>
                <![CDATA["Login page title"]]>
              </value>
            </param>
            <param index="1">
              <value>
                <![CDATA["Optional[Login page feature]"]]>
              </value>
            </param>
          </params>
          <reporter-output>
          </reporter-output>
        </test-method> <!-- runScenario -->
        <test-method is-config="true" signature="tearDownClass()[pri:0, instance:parallel.TestNGRunner@56673b2c]" started-at="2022-02-05T16:31:37Z" name="tearDownClass" finished-at="2022-02-05T16:31:39Z" duration-ms="1577" status="PASS">
          <reporter-output>
          </reporter-output>
        </test-method> <!-- tearDownClass -->
      </class> <!-- parallel.TestNGRunner -->
    </test> <!-- Default test -->
  </suite> <!-- Default suite -->
</testng-results>
